------------------------------------------------------------------------------
      name:  <unnamed>
       log:  /Users/calvindu/School/2025W2/ECON490/project/econ490/2.output/IA
> BEmigrationAll.log
  log type:  text
 opened on:  23 Mar 2026, 17:29:58

. 
. // 1. PREPARE DATA
. // 1.1 IAB DATA
. // Reshape to wide: one row per country-year with 3 emig rate columns (total
> , male, female)
. // Emigration is defined as population emigrated / total population
. // so for example tot_ratemale = male emigrants / male population which is w
> hy they're unrelated
. 
. use "0.source_data/iabbd_8010_v1_emigration.dta", clear

. keep ccode_origin year gender tot_rate

. rename ccode_origin countrycode

. 
. gen gtype = ""
(4,116 missing values generated)

. replace gtype = "combined" if gender == "Male and Female"
variable gtype was str1 now str8
(1,372 real changes made)

. replace gtype = "male" if gender == "Male"
(1,372 real changes made)

. replace gtype = "female" if gender == "Female"
(1,372 real changes made)

. drop gender

. 
. reshape wide tot_rate, i(countrycode year) j(gtype) string
(j = combined female male)

Data                               Long   ->   Wide
-----------------------------------------------------------------------------
Number of observations            4,116   ->   1,372       
Number of variables                   4   ->   5           
j variable (3 values)             gtype   ->   (dropped)
xij variables:
                               tot_rate   ->   tot_ratecombined tot_ratefemale
>  tot_ratemale
-----------------------------------------------------------------------------

. 
. rename tot_ratecombined emig_combined

. rename tot_ratemale     emig_male

. rename tot_ratefemale   emig_female

. 
. // Convert proportions to percentages
. replace emig_combined = emig_combined * 100
(1,370 real changes made)

. replace emig_male     = emig_male * 100
(1,369 real changes made)

. replace emig_female   = emig_female * 100
(1,370 real changes made)

. 
. label var emig_combined  "Emigration rate, combined (% of population)"

. label var emig_male      "Emigration rate, male (% of population)"

. label var emig_female    "Emigration rate, female (% of population)"

. 
. save "1.made_data/iab_clean_wide.dta", replace
file 1.made_data/iab_clean_wide.dta saved

. 
. // 1.2. PWT Data
. use "0.source_data/pwt110.dta", clear

. 
. global solow_variables "rgdpe pop csh_i hc"

. keep ${solow_variables} year countrycode

. 
. // Assign PWT years to nearest IAB 5-year period
. generate period = .
(13,690 missing values generated)

. replace period = 1980 if year >= 1978 & year <= 1982
(925 real changes made)

. replace period = 1985 if year >= 1983 & year <= 1987
(925 real changes made)

. replace period = 1990 if year >= 1988 & year <= 1992
(925 real changes made)

. replace period = 1995 if year >= 1993 & year <= 1997
(925 real changes made)

. replace period = 2000 if year >= 1998 & year <= 2002
(925 real changes made)

. replace period = 2005 if year >= 2003 & year <= 2007
(925 real changes made)

. replace period = 2010 if year >= 2008 & year <= 2012
(925 real changes made)

. drop if missing(period)
(7,215 observations deleted)

. 
. // Collapse to 5-year period averages
. collapse (mean) csh_i rgdpe pop hc, by(countrycode period)

. rename period year

. save "1.made_data/solowsubset_5yr.dta", replace
file 1.made_data/solowsubset_5yr.dta saved

. 
. 
. // 1.3. MERGE WORLD BANK CLASSIFICATIONS INTO PWT
. preserve

.     import excel "0.source_data/CLASS_2025_10_07.xlsx", ///
>         sheet("List of economies") firstrow clear
(5 vars, 269 obs)

.     rename Economy     country_name

.     rename Code        countrycode

.     rename Region      region

.     rename Incomegroup income_group

.     drop if missing(countrycode) | countrycode == ""
(3 observations deleted)

.     keep countrycode region income_group

.     save "1.made_data/wb_class.dta", replace
file 1.made_data/wb_class.dta saved

. restore

. 
. use "1.made_data/solowsubset_5yr.dta", clear

. merge m:1 countrycode using "1.made_data/wb_class.dta"

    Result                      Number of obs
    -----------------------------------------
    Not matched                            97
        from master                        14  (_merge==1)
        from using                         83  (_merge==2)

    Matched                             1,281  (_merge==3)
    -----------------------------------------

. keep if _merge == 3
(97 observations deleted)

. drop _merge

. label var region       "World Bank region"

. label var income_group "World Bank income group"

. save "1.made_data/solowsubset_5yr.dta", replace
file 1.made_data/solowsubset_5yr.dta saved

. 
. 
. // 1.4. MERGE IAB WITH PWT
. // 1:1 merge: one row per country-year in both datasets
. use "1.made_data/iab_clean_wide.dta", clear

. merge 1:1 countrycode year using "1.made_data/solowsubset_5yr.dta"
(variable year was int, now float to accommodate using data's values)

    Result                      Number of obs
    -----------------------------------------
    Not matched                           301
        from master                       196  (_merge==1)
        from using                        105  (_merge==2)

    Matched                             1,176  (_merge==3)
    -----------------------------------------

. tab _merge

   Matching result from |
                  merge |      Freq.     Percent        Cum.
------------------------+-----------------------------------
        Master only (1) |        196       13.27       13.27
         Using only (2) |        105        7.11       20.38
            Matched (3) |      1,176       79.62      100.00
------------------------+-----------------------------------
                  Total |      1,477      100.00

. keep if _merge == 3
(301 observations deleted)

. drop _merge

. 
. describe

Contains data from 1.made_data/iab_clean_wide.dta
 Observations:         1,176                  
    Variables:            11                  23 Mar 2026 17:29
------------------------------------------------------------------------------
Variable      Storage   Display    Value
    name         type    format    label      Variable label
------------------------------------------------------------------------------
countrycode     str7    %9s                   ISO 3-digit country code origin
year            float   %9.0g                 
emig_combined   float   %8.0g                 Emigration rate, combined (% of
                                                population)
emig_female     float   %8.0g                 Emigration rate, female (% of
                                                population)
emig_male       float   %8.0g                 Emigration rate, male (% of
                                                population)
csh_i           float   %9.0g                 (mean) csh_i
rgdpe           float   %14.3g                (mean) rgdpe
pop             double  %10.0g                (mean) pop
hc              float   %9.0g                 (mean) hc
region          str49   %49s                  World Bank region
income_group    str19   %19s                  World Bank income group
------------------------------------------------------------------------------
Sorted by: 
     Note: Dataset has changed since last saved.

. summarize

    Variable |        Obs        Mean    Std. dev.       Min        Max
-------------+---------------------------------------------------------
 countrycode |          0
        year |      1,176        1995    10.00425       1980       2010
emig_combi~d |      1,176    5.938856    9.187941   .0111355   51.93692
 emig_female |      1,176    5.944096    9.588656    .005222   57.20477
   emig_male |      1,176    5.897109    8.859119   .0137136   46.34145
-------------+---------------------------------------------------------
       csh_i |      1,132    .2078803    .0986926   .0022106   .7961956
       rgdpe |      1,132    376455.1     1346889   231.7716   1.84e+07
         pop |      1,132    33.93786    124.8563    .040665   1351.535
          hc |        950    2.200981    .6995321    1.01472   3.695954
      region |          0
-------------+---------------------------------------------------------
income_group |          0

. 
. quietly encode countrycode, gen(ccode)

. tsset ccode year, delta(5)

Panel variable: ccode (strongly balanced)
 Time variable: year, 1980 to 2010
         Delta: 5 units

. 
. // Solow variables
. gen lngdp    = ln(rgdpe / pop)
(44 missing values generated)

. gen dlngdp   = ln(ln(rgdpe/pop) - ln(L1.rgdpe/L1.pop))
(446 missing values generated)

. gen lnschool = ln(hc)
(226 missing values generated)

. gen lnn      = ln(ln(pop) - ln(L1.pop))
(305 missing values generated)

. gen lnsave   = ln(csh_i)
(44 missing values generated)

. 
. // Log emigration rates for each gender category
. gen lnemig_combined = ln(emig_combined)

. gen lnemig_male     = ln(emig_male)

. gen lnemig_female   = ln(emig_female)

. 
. label var lnemig_combined "Emigration rate, combined (ln %)"

. label var lnemig_male "Emigration rate, male (ln %)"

. label var lnemig_female "Emigration rate, female (ln %)"

. 
. save "1.made_data/final_iab_pwt_dataset.dta", replace
file 1.made_data/final_iab_pwt_dataset.dta saved

. 
. // 2. Load Data 
. use "1.made_data/final_iab_pwt_dataset.dta", clear

. 
. // 2.1 Table of Summary Statistics
. 
. *drop observations that do not include our dependent variable of choice
. drop if emig_combined ==.
(0 observations deleted)

. 
. label var rgdpe "Expenditure-side real GDP at chained PPPs (in mil. 2021US$)
> "

. label var csh_i "Share of Gross Capital Formation at current PPPs (Savings)"

. label var hc "Human capital index"

. 
. // Print Out a summary table
. preserve

.         keep if year == 2000 & !missing(emig_combined)
(1,008 observations deleted)

. 
.         label var pop           "Population"

.         label var csh_i         "Investment share of GDP"

.         label var hc            "Human capital index"

.         label var emig_combined "Combined emigration rate (% of population)"

. 
.         tabstat rgdpe pop csh_i hc emig_combined emig_male emig_female, ///
>                 statistics(mean sd min max n) columns(statistics) save

    Variable |      Mean        SD       Min       Max         N
-------------+--------------------------------------------------
       rgdpe |  403077.2   1400406  294.4029  1.53e+07       168
         pop |  35.68104  130.9459  .0451256  1269.239       168
       csh_i |  .2002247  .0805884  .0022106  .5423727       168
          hc |  2.317833   .681663  1.072616  3.577614       140
emig_combi~d |  6.350712  9.539043  .0547129  44.34886       168
   emig_male |  6.311944  9.140408  .0555286  40.54179       168
 emig_female |  6.373514  9.951868  .0334502  47.45388       168
----------------------------------------------------------------

. restore

. 
. *create and export a table of summary statistics
. sum2docx rgdpe csh_i hc pop emig_combined emig_male emig_female using "2.out
> put/TableSummaryStats", ///
> replace stats(N mean(%9.2f) sd min(%9.0g) median(%9.0g) max(%9.0g)) varlabel
Summary statistics table has been written to file 2.output/TableSummaryStats.

. 
. *create and export a table of summary statistics for year 2000
. sum2docx rgdpe csh_i hc pop emig_combined emig_male emig_female using "2.out
> put/TableSummaryStats2000" if year==2000, ///
> replace stats(N mean(%9.2f) sd min(%9.0g) median(%9.0g) max(%9.0g)) varlabel
Summary statistics table has been written to file 2.output/TableSummaryStats20
> 00.

. 
. 
. // 2.5 WINSORIZE ALL REGRESSION VARIABLES (p1/p99)
. local winsor_vars "dlngdp lngdp lnsave lnschool lnn lnemig_combined lnemig_m
> ale lnemig_female"

. 
. foreach v of local winsor_vars {
  2.     capture drop `v'_w
  3.     sum `v', d
  4.     gen `v'_w = `v'
  5.     replace `v'_w = r(p1)  if `v'_w < r(p1)  & `v'_w != .
  6.     replace `v'_w = r(p99) if `v'_w > r(p99) & `v'_w != .
  7.     label var `v'_w "`v', winsorized p1/p99"
  8. }

                           dlngdp
-------------------------------------------------------------
      Percentiles      Smallest
 1%    -5.073116      -8.392213
 5%    -3.634741      -8.312242
10%    -3.026305      -5.943268       Obs                 730
25%    -2.368511       -5.79383       Sum of wgt.         730

50%     -1.76608                      Mean          -1.920347
                        Largest       Std. dev.      .9776884
75%    -1.276202      -.0454081
90%    -.8724615      -.0407771       Variance       .9558745
95%    -.6386726       .1934209       Skewness      -1.603272
99%    -.2931949       .3357985       Kurtosis        8.93978
(446 missing values generated)
(7 real changes made)
(7 real changes made)

                            lngdp
-------------------------------------------------------------
      Percentiles      Smallest
 1%     6.564409       5.822734
 5%     7.000662       6.201265
10%     7.244383       6.207931       Obs               1,132
25%     7.977822       6.271649       Sum of wgt.       1,132

50%     8.922733                      Mean           8.903982
                        Largest       Std. dev.      1.203242
75%     9.860635       11.59727
90%      10.5237       11.70649       Variance       1.447792
95%     10.76242       12.05142       Skewness      -.0246113
99%     11.24852       12.09652       Kurtosis       2.138137
(44 missing values generated)
(11 real changes made)
(11 real changes made)

                           lnsave
-------------------------------------------------------------
      Percentiles      Smallest
 1%    -3.623434      -6.114497
 5%    -2.766762      -5.249239
10%    -2.355644      -4.993495       Obs               1,132
25%    -2.008613      -4.895244       Sum of wgt.       1,132

50%    -1.595138                      Mean          -1.708308
                        Largest       Std. dev.      .5921503
75%    -1.327275      -.5638252
90%    -1.117676      -.5113165       Variance        .350642
95%    -.9638017      -.4579501       Skewness      -1.710847
99%    -.6429827      -.2279104       Kurtosis       9.611921
(44 missing values generated)
(11 real changes made)
(11 real changes made)

                          lnschool
-------------------------------------------------------------
      Percentiles      Smallest
 1%     .0504821       .0146126
 5%     .1551242       .0214568
10%     .2556168       .0216456       Obs                 950
25%     .4687726       .0305571       Sum of wgt.         950

50%     .7681276                      Mean           .7351429
                        Largest       Std. dev.      .3346722
75%     1.015796       1.294597
90%     1.159843       1.294782       Variance       .1120055
95%     1.208969       1.307229       Skewness      -.2760211
99%     1.283593       1.307239       Kurtosis       2.004538
(226 missing values generated)
(9 real changes made)
(9 real changes made)

                             lnn
-------------------------------------------------------------
      Percentiles      Smallest
 1%    -6.390887      -8.716619
 5%    -4.420981      -7.874127
10%    -3.790359      -7.096439       Obs                 871
25%    -2.992985      -7.018706       Sum of wgt.         871

50%    -2.384886                      Mean          -2.635867
                        Largest       Std. dev.      .9456196
75%    -2.000374       -1.16411
90%    -1.800361      -1.096916       Variance       .8941965
95%    -1.658963      -1.084763       Skewness      -1.875491
99%    -1.275229      -.4725156       Kurtosis       8.617149
(305 missing values generated)
(8 real changes made)
(8 real changes made)

              Emigration rate, combined (ln %)
-------------------------------------------------------------
      Percentiles      Smallest
 1%    -3.094285      -4.497617
 5%    -2.188316      -4.466452
10%    -1.571274      -3.827135       Obs               1,176
25%    -.6900527      -3.755754       Sum of wgt.       1,176

50%      .827042                      Mean           .6536804
                        Largest       Std. dev.      1.676152
75%     1.874391       3.875201
90%     2.847137       3.886912       Variance       2.809485
95%     3.406133        3.91627       Skewness      -.2155211
99%     3.723253        3.95003       Kurtosis       2.390589
(11 real changes made)
(11 real changes made)

                Emigration rate, male (ln %)
-------------------------------------------------------------
      Percentiles      Smallest
 1%    -2.952016      -4.289367
 5%    -2.093438      -4.053921
10%    -1.528818      -3.599258       Obs               1,176
25%    -.6691405      -3.573008       Sum of wgt.       1,176

50%     .8277791                      Mean           .6730562
                        Largest       Std. dev.      1.658304
75%     1.906523       3.809404
90%     2.848481       3.810565       Variance       2.749971
95%     3.377611       3.813457       Skewness      -.2064686
99%     3.666594       3.836037       Kurtosis       2.307265
(11 real changes made)
(11 real changes made)

               Emigration rate, female (ln %)
-------------------------------------------------------------
      Percentiles      Smallest
 1%    -3.634573      -5.254877
 5%     -2.30231      -4.811335
10%    -1.673539      -4.684103       Obs               1,176
25%    -.7003904       -4.41341       Sum of wgt.       1,176

50%     .8003823                      Mean           .5909264
                        Largest       Std. dev.      1.739431
75%     1.831447       3.929394
90%     2.842987       3.944046       Variance       3.025621
95%     3.392268       3.996301       Skewness      -.2818268
99%     3.775322       4.046638       Kurtosis       2.583787
(11 real changes made)
(11 real changes made)

. 
. // 3. DIAGNOSTICS (on original variables)
. // Fixed Effects (Country and Panel) Test
. quietly xtreg dlngdp L1.lngdp lnsave lnschool lnn lnemig_combined i.year i.c
> code

. testparm i.year i.ccode

 ( 1)  1990.year = 0
 ( 2)  1995.year = 0
 ( 3)  2000.year = 0
 ( 4)  2005.year = 0
 ( 5)  2010.year = 0
 ( 6)  2.ccode = 0
 ( 7)  3.ccode = 0
 ( 8)  6.ccode = 0
 ( 9)  7.ccode = 0
 (10)  9.ccode = 0
 (11)  10.ccode = 0
 (12)  11.ccode = 0
 (13)  12.ccode = 0
 (14)  13.ccode = 0
 (15)  14.ccode = 0
 (16)  15.ccode = 0
 (17)  19.ccode = 0
 (18)  20.ccode = 0
 (19)  21.ccode = 0
 (20)  22.ccode = 0
 (21)  23.ccode = 0
 (22)  25.ccode = 0
 (23)  26.ccode = 0
 (24)  27.ccode = 0
 (25)  28.ccode = 0
 (26)  29.ccode = 0
 (27)  30.ccode = 0
 (28)  31.ccode = 0
 (29)  32.ccode = 0
 (30)  33.ccode = 0
 (31)  34.ccode = 0
 (32)  37.ccode = 0
 (33)  38.ccode = 0
 (34)  39.ccode = 0
 (35)  40.ccode = 0
 (36)  43.ccode = 0
 (37)  44.ccode = 0
 (38)  45.ccode = 0
 (39)  46.ccode = 0
 (40)  47.ccode = 0
 (41)  48.ccode = 0
 (42)  50.ccode = 0
 (43)  51.ccode = 0
 (44)  52.ccode = 0
 (45)  53.ccode = 0
 (46)  54.ccode = 0
 (47)  55.ccode = 0
 (48)  57.ccode = 0
 (49)  59.ccode = 0
 (50)  62.ccode = 0
 (51)  64.ccode = 0
 (52)  65.ccode = 0
 (53)  66.ccode = 0
 (54)  67.ccode = 0
 (55)  69.ccode = 0
 (56)  71.ccode = 0
 (57)  72.ccode = 0
 (58)  73.ccode = 0
 (59)  74.ccode = 0
 (60)  75.ccode = 0
 (61)  76.ccode = 0
 (62)  77.ccode = 0
 (63)  78.ccode = 0
 (64)  79.ccode = 0
 (65)  80.ccode = 0
 (66)  81.ccode = 0
 (67)  82.ccode = 0
 (68)  83.ccode = 0
 (69)  84.ccode = 0
 (70)  85.ccode = 0
 (71)  87.ccode = 0
 (72)  88.ccode = 0
 (73)  89.ccode = 0
 (74)  91.ccode = 0
 (75)  93.ccode = 0
 (76)  94.ccode = 0
 (77)  96.ccode = 0
 (78)  98.ccode = 0
 (79)  99.ccode = 0
 (80)  101.ccode = 0
 (81)  102.ccode = 0
 (82)  103.ccode = 0
 (83)  105.ccode = 0
 (84)  106.ccode = 0
 (85)  107.ccode = 0
 (86)  108.ccode = 0
 (87)  109.ccode = 0
 (88)  110.ccode = 0
 (89)  111.ccode = 0
 (90)  112.ccode = 0
 (91)  113.ccode = 0
 (92)  114.ccode = 0
 (93)  115.ccode = 0
 (94)  116.ccode = 0
 (95)  117.ccode = 0
 (96)  118.ccode = 0
 (97)  119.ccode = 0
 (98)  120.ccode = 0
 (99)  121.ccode = 0
 (100)  123.ccode = 0
 (101)  124.ccode = 0
 (102)  125.ccode = 0
 (103)  126.ccode = 0
 (104)  127.ccode = 0
 (105)  128.ccode = 0
 (106)  129.ccode = 0
 (107)  130.ccode = 0
 (108)  132.ccode = 0
 (109)  133.ccode = 0
 (110)  134.ccode = 0
 (111)  135.ccode = 0
 (112)  136.ccode = 0
 (113)  137.ccode = 0
 (114)  141.ccode = 0
 (115)  142.ccode = 0
 (116)  143.ccode = 0
 (117)  144.ccode = 0
 (118)  146.ccode = 0
 (119)  148.ccode = 0
 (120)  149.ccode = 0
 (121)  150.ccode = 0
 (122)  152.ccode = 0
 (123)  153.ccode = 0
 (124)  154.ccode = 0
 (125)  155.ccode = 0
 (126)  156.ccode = 0
 (127)  157.ccode = 0
 (128)  159.ccode = 0
 (129)  160.ccode = 0
 (130)  163.ccode = 0
 (131)  164.ccode = 0
 (132)  165.ccode = 0
 (133)  166.ccode = 0
 (134)  167.ccode = 0
 (135)  168.ccode = 0

           chi2(135) =  375.31
         Prob > chi2 =    0.0000

. 
. // Heteroskedasticity Test
. quietly xtreg dlngdp L1.lngdp lnsave lnschool lnn lnemig_combined, fe

. xttest3

Modified Wald test for groupwise heteroskedasticity
in fixed effect regression model

H0: sigma(i)^2 = sigma^2 for all i

chi2 (131)  =      21531.13
Prob > chi2 =          0.0000


. // We have heteroskedasticity -> use het option in xtpcse
. 
. // Serial Correlation Test
. xtserial dlngdp lnsave lnschool lnn lnemig_combined

Wooldridge test for autocorrelation in panel data
H0: no first-order autocorrelation
    F(  1,     100) =      0.204
           Prob > F =      0.6524

. // No serial correlation -> no corr(ar1) needed
. 
. // Non-linearity check
. xtpcse dlngdp L1.lngdp lnsave lnschool lnn c.lnemig_combined##c.lnemig_combi
> ned i.ccode i.year, het

Number of gaps in sample = 44

Linear regression, heteroskedastic panels corrected standard errors

Group variable:   ccode                         Number of obs     =        563
Time variable:    year                          Number of groups  =        131
Panels:           heteroskedastic (unbalanced)  Obs per group:
Autocorrelation:  no autocorrelation                          min =          1
                                                              avg =  4.2977099
                                                              max =          6
Estimated covariances      =       131          R-squared         =     0.5144
Estimated autocorrelations =         0          Wald chi2(139)    =    3602.27
Estimated coefficients     =       142          Prob > chi2       =     0.0000

------------------------------------------------------------------------------
             |            Het-corrected
      dlngdp | Coefficient  std. err.      z    P>|z|     [95% conf. interval]
-------------+----------------------------------------------------------------
       lngdp |
         L1. |  -1.004386   .1770618    -5.67   0.000    -1.351421    -.657351
             |
      lnsave |   .2267411      .1355     1.67   0.094     -.038834    .4923162
    lnschool |   2.818215   .7841593     3.59   0.000     1.281291    4.355139
         lnn |  -.0983903   .0676618    -1.45   0.146     -.231005    .0342244
lnemig_com~d |   .0757928   .1144637     0.66   0.508     -.148552    .3001376
             |
          c. |
lnemig_com~d#|
          c. |
lnemig_com~d |   .0404943   .0259103     1.56   0.118    -.0102891    .0912776
             |
       ccode |
        ALB  |  -3.250553    .565008    -5.75   0.000    -4.357949   -2.143158
        ARG  |   -1.37606   .6626343    -2.08   0.038      -2.6748   -.0773209
        AUS  |  -1.398554   .8187573    -1.71   0.088    -3.003289     .206181
        AUT  |  -1.426441   .7620731    -1.87   0.061    -2.920077    .0671949
        BDI  |  -3.505095   .5946871    -5.89   0.000    -4.670661    -2.33953
        BEL  |  -1.169659   .7114188    -1.64   0.100    -2.564014    .2246967
        BEN  |  -2.126272   .9118269    -2.33   0.020     -3.91342   -.3391239
        BFA  |  -1.576813   .6030619    -2.61   0.009    -2.758793   -.3948338
        BGD  |  -2.115435   .4737201    -4.47   0.000    -3.043909   -1.186961
        BGR  |  -.1545128   .8469478    -0.18   0.855      -1.8145    1.505474
        BHR  |   .3379368   .6535222     0.52   0.605    -.9429433    1.618817
        BLZ  |  -2.363222   .8229673    -2.87   0.004    -3.976209   -.7502361
        BOL  |   -2.23527    .548079    -4.08   0.000    -3.309485   -1.161055
        BRA  |   -1.18766    .561789    -2.11   0.035    -2.288746   -.0865737
        BRB  |  -1.777205   .8117002    -2.19   0.029    -3.368108   -.1863022
        BRN  |  -.1023927   .9173849    -0.11   0.911    -1.900434    1.695649
        BWA  |  -.7021337   .6069917    -1.16   0.247    -1.891816    .4875481
        CAF  |  -2.012813   .4096697    -4.91   0.000    -2.815751   -1.209875
        CAN  |  -1.943519    .884423    -2.20   0.028    -3.676956   -.2100817
        CHE  |  -1.724761    .861188    -2.00   0.045    -3.412658   -.0368631
        CHL  |  -1.446511   .6611226    -2.19   0.029    -2.742287    -.150734
        CHN  |  -1.424013   .5846342    -2.44   0.015    -2.569875   -.2781508
        CIV  |  -1.029353   .3289796    -3.13   0.002    -1.674141   -.3845644
        CMR  |   -2.23969   .6388931    -3.51   0.000    -3.491898    -.987483
        COG  |  -1.241739    .521876    -2.38   0.017    -2.264597   -.2188806
        COL  |  -1.632028   .4849557    -3.37   0.001    -2.582524   -.6815325
        CRI  |  -1.515857    .529215    -2.86   0.004    -2.553099   -.4786144
        CYP  |  -.9392691   .6687053    -1.40   0.160    -2.249907    .3713691
        CZE  |  -1.923304   .7526558    -2.56   0.011    -3.398483   -.4481261
        DEU  |  -1.330749   .8371317    -1.59   0.112    -2.971497    .3099987
        DNK  |   -1.72526   .7941476    -2.17   0.030    -3.281761   -.1687594
        DOM  |  -1.818478   .5249537    -3.46   0.001    -2.847368   -.7895876
        DZA  |  -.7721697   .4436537    -1.74   0.082    -1.641715    .0973756
        ECU  |  -1.609378   .5437389    -2.96   0.003    -2.675087   -.5436692
        EGY  |  -.9224173   .4301762    -2.14   0.032    -1.765547   -.0792874
        ESP  |  -.7325806   .6380305    -1.15   0.251    -1.983097    .5179362
        ETH  |  -1.197455   .5630652    -2.13   0.033    -2.301042   -.0938674
        FIN  |  -1.687552   .7872054    -2.14   0.032    -3.230446   -.1446575
        FJI  |  -3.234427   .7766629    -4.16   0.000    -4.756658   -1.712195
        FRA  |  -1.248896   .7195067    -1.74   0.083    -2.659103     .161311
        GAB  |  -1.881031    .963074    -1.95   0.051    -3.768622    .0065591
        GBR  |   -1.53727   .8267476    -1.86   0.063    -3.157666    .0831251
        GHA  |  -2.355243   .4511136    -5.22   0.000     -3.23941   -1.471077
        GMB  |  -2.419907   .4971088    -4.87   0.000    -3.394222   -1.445591
        GRC  |  -1.017622    .638354    -1.59   0.111    -2.268773    .2335284
        GTM  |  -1.394584   .3496084    -3.99   0.000    -2.079804   -.7093643
        GUY  |  -2.791367   .6628073    -4.21   0.000    -4.090445   -1.492289
        HKG  |  -.6770612   .7138835    -0.95   0.343    -2.076247    .7221247
        HND  |  -2.889953   .4818239    -6.00   0.000    -3.834311   -1.945596
        HTI  |  -3.364127   .8382304    -4.01   0.000    -5.007028   -1.721225
        IDN  |  -1.307771   .5463132    -2.39   0.017    -2.378525    -.237017
        IND  |  -1.460055   .4180797    -3.49   0.000    -2.279476   -.6406335
        IRL  |  -1.518657   .8440789    -1.80   0.072    -3.173022    .1357069
        IRN  |  -.4148381   .6225676    -0.67   0.505    -1.635048     .805372
        IRQ  |  -.0664936   .3497974    -0.19   0.849    -.7520839    .6190966
        ISL  |  -2.350851   1.307664    -1.80   0.072    -4.913825     .212123
        ISR  |  -1.390248   .8263503    -1.68   0.092    -3.009865    .2293686
        ITA  |   -1.70464   .7681676    -2.22   0.026    -3.210221   -.1990596
        JAM  |  -3.015149   .6835394    -4.41   0.000    -4.354862   -1.675437
        JOR  |  -1.848724   .5582535    -3.31   0.001    -2.942881    -.754567
        JPN  |  -1.713237    .899809    -1.90   0.057     -3.47683    .0503567
        KAZ  |  -.9867595   .7014283    -1.41   0.159    -2.361534    .3880147
        KEN  |   -3.87806   1.156257    -3.35   0.001    -6.144282   -1.611839
        KGZ  |  -3.162554   .8283016    -3.82   0.000    -4.785995   -1.539112
        KHM  |  -1.443919   .3587706    -4.02   0.000    -2.147097   -.7407419
        KOR  |  -1.093074   .7122708    -1.53   0.125    -2.489099    .3029511
        KWT  |   1.391733    .651081     2.14   0.033     .1156373    2.667828
        LAO  |  -1.792951    .344902    -5.20   0.000    -2.468946   -1.116955
        LBR  |  -2.250058   .6239138    -3.61   0.000    -3.472907    -1.02721
        LKA  |  -2.288856   .6064852    -3.77   0.000    -3.477545   -1.100167
        LSO  |  -2.581862   .5820725    -4.44   0.000    -3.722704   -1.441021
        LUX  |  -.2642069   .7887511    -0.33   0.738    -1.810131    1.281717
        MAC  |   .8120143   .5761725     1.41   0.159    -.3172631    1.941292
        MAR  |  -.4517879   .3127174    -1.44   0.149    -1.064703    .1611269
        MDG  |  -2.266989   .4485818    -5.05   0.000    -3.146193   -1.387785
        MDV  |   .1481314   .3955635     0.37   0.708    -.6271589    .9234217
        MEX  |  -1.998211   .5931693    -3.37   0.001    -3.160801   -.8356202
        MLI  |  -.8989114   .3403934    -2.64   0.008     -1.56607   -.2317525
        MLT  |  -1.711682   .7506142    -2.28   0.023    -3.182859   -.2405052
        MMR  |  -1.378876   .4994029    -2.76   0.006    -2.357687   -.4000638
        MNG  |  -1.962459   .7161554    -2.74   0.006    -3.366097   -.5588197
        MOZ  |  -1.447733   .4991572    -2.90   0.004    -2.426063   -.4694025
        MRT  |  -1.679384   .3088723    -5.44   0.000    -2.284763   -1.074006
        MUS  |  -.9793618   .5686077    -1.72   0.085    -2.093812    .1350888
        MWI  |  -2.570523   .4911543    -5.23   0.000    -3.533167   -1.607878
        MYS  |  -1.078532   .5649894    -1.91   0.056     -2.18589    .0288274
        NAM  |  -1.109563   .4739912    -2.34   0.019    -2.038569   -.1805577
        NER  |  -3.736165    .979801    -3.81   0.000     -5.65654   -1.815791
        NGA  |  -.7757116   .5130803    -1.51   0.131     -1.78133    .2299073
        NIC  |  -3.168399   .6393614    -4.96   0.000    -4.421524   -1.915273
        NLD  |  -1.173045   .7649756    -1.53   0.125     -2.67237    .3262792
        NOR  |  -1.260519   .8645579    -1.46   0.145    -2.955021    .4339838
        NPL  |  -1.903746   .5145233    -3.70   0.000    -2.912193   -.8952993
        NZL  |  -1.930305   .7992945    -2.42   0.016    -3.496893   -.3637162
        PAK  |   -1.29222   .3250329    -3.98   0.000    -1.929273   -.6551672
        PAN  |  -1.496876   .5687602    -2.63   0.008    -2.611625   -.3821261
        PER  |  -2.309363   .6688145    -3.45   0.001    -3.620215   -.9985107
        PHL  |  -1.896382   .5079764    -3.73   0.000    -2.891997   -.9007663
        POL  |  -1.822677   .6599393    -2.76   0.006    -3.116134   -.5292194
        PRT  |  -1.147392   .6041614    -1.90   0.058    -2.331527    .0367423
        PRY  |  -2.056592    .608023    -3.38   0.001    -3.248295   -.8648884
        QAT  |   1.806105   .6726958     2.68   0.007     .4876452    3.124564
        RWA  |  -1.420825   .4758412    -2.99   0.003    -2.353457   -.4881933
        SAU  |   .9164136   .6186804     1.48   0.139    -.2961777    2.129005
        SDN  |  -.7042504   .4325033    -1.63   0.103    -1.551941    .1434406
        SEN  |  -1.418401   .6004627    -2.36   0.018    -2.595286   -.2415156
        SLE  |  -2.016511   .4233684    -4.76   0.000    -2.846298   -1.186724
        SLV  |  -1.897501    .488376    -3.89   0.000    -2.854701    -.940302
        SVK  |  -2.198516    .843862    -2.61   0.009    -3.852455   -.5445764
        SVN  |  -1.978623   .7268397    -2.72   0.006    -3.403203   -.5540437
        SWE  |  -1.513127   .7799164    -1.94   0.052    -3.041735    .0154807
        SWZ  |  -1.561401   .5265593    -2.97   0.003    -2.593438   -.5293634
        SYR  |  -1.417601   .5436747    -2.61   0.009    -2.483184   -.3520186
        TGO  |  -2.614562    .426844    -6.13   0.000    -3.451161   -1.777963
        THA  |  -.8145929   .4973797    -1.64   0.101    -1.789439    .1602535
        TJK  |   -3.09803   .8300033    -3.73   0.000    -4.724807   -1.471254
        TTO  |  -1.253523   .7436773    -1.69   0.092    -2.711104    .2040577
        TUN  |  -.9533024   .4142404    -2.30   0.021    -1.765199   -.1414063
        TUR  |  -.9775694   .4699623    -2.08   0.038    -1.898679   -.0564602
        TWN  |  -.4136937   .6719189    -0.62   0.538     -1.73063    .9032432
        TZA  |  -1.437785   .3773238    -3.81   0.000    -2.177326   -.6982436
        UGA  |  -2.168683   .4118052    -5.27   0.000    -2.975806   -1.361559
        URY  |  -.9888128   .5343803    -1.85   0.064    -2.036179    .0585534
        USA  |  -1.135523    .882424    -1.29   0.198    -2.865042    .5939964
        VEN  |  -.4458478   .4745706    -0.94   0.347    -1.375989    .4842935
        VNM  |  -1.775393   .4066844    -4.37   0.000     -2.57248   -.9783061
        YEM  |  -.4641759   .4732414    -0.98   0.327    -1.391712    .4633602
        ZAF  |  -1.161842   .4745137    -2.45   0.014    -2.091872   -.2318125
        ZMB  |  -2.001194   .5497904    -3.64   0.000    -3.078763   -.9236244
        ZWE  |  -1.454815   .7426137    -1.96   0.050    -2.910311    .0006808
             |
        year |
       1990  |   .2245116    .137189     1.64   0.102    -.0443739    .4933971
       1995  |   .3106905    .160843     1.93   0.053     -.004556     .625937
       2000  |   .2424255   .1820252     1.33   0.183    -.1143374    .5991884
       2005  |   .3113741   .2129431     1.46   0.144    -.1059867    .7287349
       2010  |   .5377554   .2523374     2.13   0.033     .0431833    1.032328
             |
       _cons |   5.909737   1.323737     4.46   0.000      3.31526    8.504214
------------------------------------------------------------------------------

. 
. 
. // 4. MAIN RESULT: COMBINED EMIGRATION
. display as text "------ MAIN RESULT: Total Emigration Rate ------"
------ MAIN RESULT: Total Emigration Rate ------

. 
. quietly xtpcse dlngdp L1.lngdp lnsave lnschool lnn lnemig_combined i.ccode i
> .year, het

. estimates store model_combined

. estimates title: "Combined"

. etable, estimates(model_combined) ///
>     mstat(N) mstat(r2)                         ///
>     showstars showstarsnote varlabel            ///
>         keep(dlngdp L1.lngdp lnsave lnschool lnn lnemig_combined lnemig_male
>  lnemig_female) ///
>         title("Main Result") ///
>     export("2.output/EmigrationTable_MainResult.docx", replace)

Main Result
-------------------------------------------
                                   dlngdp  
-------------------------------------------
L.lngdp                           -1.015 **
                                 (0.177)   
lnsave                             0.229   
                                 (0.135)   
lnschool                           2.891 **
                                 (0.796)   
lnn                               -0.105   
                                 (0.068)   
Emigration rate, combined (ln %)   0.048   
                                 (0.110)   
Number of observations               563   
R-squared                           0.51   
-------------------------------------------
** p<.01, * p<.05
(collection ETable exported to file 
 2.output/EmigrationTable_MainResult.docx)

. 
. // 5. HETEROGENEITY: INCOME GROUP
. // 1=High income, 2=Low income, 3=Lower middle income, 4=Upper middle income
. display as text "------ INCOME GROUP ------"
------ INCOME GROUP ------

. levelsof income_group, local(income_groups)
`"High income"' `"Low income"' `"Lower middle income"' `"Upper middle income"'

. display `"`income_groups'"'
`"High income"' `"Low income"' `"Lower middle income"' `"Upper middle income"'

. local i = 1

. foreach r of local income_groups {
  2.     preserve
  3.     keep if income_group == "`r'"
  4.     quietly xtpcse dlngdp L1.lngdp lnsave lnschool lnn lnemig_combined i.
> ccode i.year, het
  5.     estimates store group_`i'
  6.         estimates title: "`r'"
  7.     local i = `i' + 1
  8.     restore
  9. }
(770 observations deleted)
(1,036 observations deleted)
(875 observations deleted)
(861 observations deleted)

. 
. etable, estimates(group_1 group_2 group_3 group_4) ///
>     mstat(N) mstat(r2)                                  ///
>         keep(dlngdp L1.lngdp lnsave lnschool lnn lnemig_combined) ///
>     showstars showstarsnote varlabel                     ///
>         title("Income Group Model Comparison") ///
>     export("2.output/EmigrationTable_byIncomeGroup.docx", replace)

Income Group Model Comparison
----------------------------------------------------------------------------
                                   dlngdp     dlngdp     dlngdp     dlngdp  
----------------------------------------------------------------------------
L.lngdp                           -1.550 **  -0.962 **  -0.835 *   -1.699 **
                                 (0.440)    (0.315)    (0.343)    (0.339)   
lnsave                             0.926 *    0.247      0.266      0.323   
                                 (0.399)    (0.189)    (0.291)    (0.298)   
lnschool                           2.686      4.944      4.641 **   1.946   
                                 (1.837)    (2.640)    (1.522)    (1.190)   
lnn                               -0.050     -0.161      0.103     -0.569 * 
                                 (0.071)    (0.335)    (0.316)    (0.268)   
Emigration rate, combined (ln %)   0.061     -0.088     -0.065      0.098   
                                 (0.136)    (0.390)    (0.259)    (0.187)   
Number of observations               215         58        153        132   
R-squared                           0.46       0.77       0.53       0.61   
----------------------------------------------------------------------------
** p<.01, * p<.05
(collection ETable exported to file
 2.output/EmigrationTable_byIncomeGroup.docx)

. 
. // 6. HETEROGENEITY: GENDER
. display as text "------ GENDER: Male vs Female Emigration Rates ------"
------ GENDER: Male vs Female Emigration Rates ------

. 
. quietly xtpcse dlngdp L1.lngdp lnsave lnschool lnn lnemig_male lnemig_female
>  ///
>     i.ccode i.year, het

. estimates store model_gender

. 
. etable, estimates(model_combined model_gender) ///
>     mstat(N) mstat(r2)                         ///
>     showstars showstarsnote varlabel            ///
>         keep(dlngdp L1.lngdp lnsave lnschool lnn lnemig_male lnemig_female) 
> ///
>         title("Gender Effects Model Comparison") ///
>     export("2.output/EmigrationTable_byGender.docx", replace)

Gender Effects Model Comparison
----------------------------------------------------
                                 dlngdp     dlngdp  
----------------------------------------------------
L.lngdp                         -1.015 **  -1.000 **
                               (0.177)    (0.178)   
lnsave                           0.229      0.226   
                               (0.135)    (0.136)   
lnschool                         2.891 **   2.650 **
                               (0.796)    (0.744)   
lnn                             -0.105     -0.130 * 
                               (0.068)    (0.066)   
Emigration rate, male (ln %)                0.399 **
                                          (0.146)   
Emigration rate, female (ln %)             -0.283 * 
                                          (0.140)   
Number of observations             563        563   
R-squared                         0.51       0.52   
----------------------------------------------------
** p<.01, * p<.05
(collection ETable exported to file 2.output/EmigrationTable_byGender.docx)

. 
. 
. // 7. Use Winsorized Variables
. 
. // Main result - combined (winsorized)
. quietly xtpcse dlngdp_w L1.lngdp_w lnsave_w lnschool_w lnn_w lnemig_combined
> _w i.ccode i.year, het

. estimates store model_combined_w

. estimates title: "Combined (Winsorized)"

. 
. // Gender (winsorized)
. quietly xtpcse dlngdp_w L1.lngdp_w lnsave lnschool_w lnn lnemig_male_w lnemi
> g_female_w ///
>     i.ccode i.year, het

. estimates store model_gender_w

. estimates title: "Gender (Winsorized)"

. 
. // Export: original vs winsorized side-by-side for comparison
. etable, estimates(model_combined model_combined_w model_gender model_gender_
> w) ///
>     mstat(N) mstat(r2)                                                      
>     ///
>     showstars showstarsnote varlabel                                        
>      ///
>         keep (dlngdp L1.lngdp lnsave lnschool lnn lnemig_combined lnemig_mal
> e lnemig_female dlngdp_w L1.lngdp_w lnsave_w lnschool_w lnn_w lnemig_combine
> d_w lnemig_male_w lnemig_female_w) ///
>         title("Winsorized Model Comparison") ///
>     export("2.output/EmigrationTable_Winsorized.docx", replace)

Winsorized Model Comparison
------------------------------------------------------------------------------
                                     dlngdp    dlngdp_w    dlngdp    dlngdp_w 
------------------------------------------------------------------------------
L.lngdp                             -1.015 **             -1.000 **           
                                   (0.177)               (0.178)              
lnsave                               0.229                 0.226              
                                   (0.135)               (0.136)              
lnschool                             2.891 **              2.650 **           
                                   (0.796)               (0.744)              
lnn                                 -0.105                -0.130 *            
                                   (0.068)               (0.066)              
Emigration rate, combined (ln %)     0.048                                    
                                   (0.110)                                    
Emigration rate, male (ln %)                               0.399 **           
                                                         (0.146)              
Emigration rate, female (ln %)                            -0.283 *            
                                                         (0.140)              
lnsave                                                                0.196   
                                                                    (0.124)   
lnn                                                                  -0.139 * 
                                                                    (0.065)   
L.lngdp_w                                      -0.956 **             -0.937 **
                                              (0.162)               (0.164)   
lnsave, winsorized p1/p99                       0.220                         
                                              (0.129)                         
lnschool, winsorized p1/p99                     2.657 **              2.445 **
                                              (0.767)               (0.706)   
lnn, winsorized p1/p99                         -0.142                         
                                              (0.077)                         
lnemig_combined, winsorized p1/p99              0.075                         
                                              (0.112)                         
lnemig_male, winsorized p1/p99                                        0.418 **
                                                                    (0.143)   
lnemig_female, winsorized p1/p99                                     -0.268 * 
                                                                    (0.137)   
Number of observations                 563        563        563        563   
R-squared                             0.51       0.53       0.52       0.53   
------------------------------------------------------------------------------
** p<.01, * p<.05
(collection ETable exported to file 
 2.output/EmigrationTable_Winsorized.docx)

.         
. *winsorized improves fit
.         
.         
. // 8. Regression Series
. 
. *Regression Step 1
. quietly xtpcse dlngdp_w lnemig_combined_w i.ccode i.year, het

. estimates store step1

. estimates title: "1"

. 
. *Regression Step 2
. quietly xtpcse dlngdp_w lnemig_combined_w L1.lngdp_w i.ccode i.year, het

. estimates store step2

. estimates title: "2"

. 
. *Regression Step 3
. quietly xtpcse dlngdp_w lnemig_combined_w L1.lngdp_w lnsave_w i.ccode i.year
> , het

. estimates store step3

. estimates title: "3"

. 
. *Regression Step 4
. quietly xtpcse dlngdp_w lnemig_combined_w L1.lngdp_w lnsave_w lnschool_w i.c
> code i.year, het

. estimates store step4

. estimates title: "4"

. 
. *Regression Step 5
. quietly xtpcse dlngdp_w lnemig_combined_w L1.lngdp_w lnsave_w lnschool_w lnn
> _w i.ccode i.year, het

. estimates store step5

. estimates title: "5"

. 
. etable, estimates(step1 step2 step3 step4 step5) ///
>     mstat(N) mstat(r2)                                                      
>     ///
>     showstars showstarsnote varlabel                                        
>      ///
>         keep(dlngdp_w lnemig_combined_w L1.lngdp_w lnsave_w lnschool_w lnn_w
> ) ///
>         title("Stepwise Regression Comparison") ///
>     export("2.output/SteppedRegression.docx", replace)

Stepwise Regression Comparison
-----------------------------------------------------------------------------------------
                                    dlngdp_w   dlngdp_w   dlngdp_w   dlngdp_w   dlngdp_w 
-----------------------------------------------------------------------------------------
lnemig_combined, winsorized p1/p99   0.380 **   0.281 **   0.232 *    0.134      0.075   
                                   (0.090)    (0.091)    (0.093)    (0.099)    (0.112)   
L.lngdp_w                                      -0.693 **  -0.667 **  -0.943 **  -0.956 **
                                              (0.130)    (0.128)    (0.157)    (0.162)   
lnsave, winsorized p1/p99                                  0.256 **   0.189      0.220   
                                                         (0.099)    (0.118)    (0.129)   
lnschool, winsorized p1/p99                                           2.754 **   2.657 **
                                                                    (0.712)    (0.767)   
lnn, winsorized p1/p99                                                          -0.142   
                                                                               (0.077)   
Number of observations                 730        730        730        613        563   
R-squared                             0.50       0.52       0.52       0.53       0.53   
-----------------------------------------------------------------------------------------
** p<.01, * p<.05
(collection ETable exported to file 2.output/SteppedRegression.docx)

. 
. 
.         
. // 9. Graph Outputs
. 
. *change our scheme to economist
. set scheme s2color

. 
. // Regular Relationship Graphs
. 
. *Combined
. twoway(scatter dlngdp lnemig_combined) (lfit dlngdp lnemig_combined), ytitle
> ("GDP Growth (ln)") title("Emigration vs. GDP Growth", position(11)) ///
> legend( label(1 "Observations") label(2 "Line of Fit")) note("Scatterplot of
>  GDP Growth (ln) and Combined Emigration Rate for all observations")

. graph export "2.output/CombinedScatterdlngdp.png", as(png) replace
file
    /Users/calvindu/School/2025W2/ECON490/project/econ490/2.output/CombinedS
    > catterdlngdp.png saved as PNG format

. 
. *Upper Middle Income
. preserve

. keep if income_group=="Upper middle income"
(861 observations deleted)

. twoway(scatter dlngdp lnemig_combined) (lfit dlngdp lnemig_combined), ytitle
> ("GDP Growth (ln)") title("Emigration vs. GDP Growth (Upper Middle Income)",
> position(11)) ///
> legend( label(1 "Observations") label(2 "Line of Fit")) note("Scatterplot of
>  GDP Growth (ln) and Emigration Rate for Observations in the Upper Middle In
> come Category")

. graph export "2.output/UMIncomeScatterdlngdp.png", as(png) replace
file
    /Users/calvindu/School/2025W2/ECON490/project/econ490/2.output/UMIncomeS
    > catterdlngdp.png saved as PNG format

. restore

. 
. *Male
. twoway(scatter dlngdp lnemig_male) (lfit dlngdp lnemig_male), ytitle("GDP Gr
> owth (ln)") title("Male Emigration vs. GDP Growth",position(11)) ///
> legend( label(1 "Observations") label(2 "Line of Fit")) note("Scatterplot of
>  GDP Growth (ln) and Male Emigration Rate for all observations")

. graph export "2.output/MaleScatterdlngdp.png", as(png) replace
file
    /Users/calvindu/School/2025W2/ECON490/project/econ490/2.output/MaleScatt
    > erdlngdp.png saved as PNG format

. 
. *Female
. twoway(scatter dlngdp lnemig_female) (lfit dlngdp lnemig_female), ytitle("GD
> P Growth (ln)") title("Female Emigration vs. GDP Growth",position(11)) ///
> legend( label(1 "Observations") label(2 "Line of Fit")) note("Scatterplot of
>  GDP Growth (ln) and Female Emigration Rate for all observations")

. graph export "2.output/FemaleScatterdlngdp.png", as(png) replace
file
    /Users/calvindu/School/2025W2/ECON490/project/econ490/2.output/FemaleSca
    > tterdlngdp.png saved as PNG format

. 
. // 9.1 Partial Regression Plots
. // xtpcse predict only supports xb, so residuals = actual - predicted (manua
> l)
. 
. // Combined Emigration
. quietly xtpcse dlngdp_w L1.lngdp_w lnsave lnschool_w lnn i.ccode i.year, het

. predict double yhat_y_comb, xb
(436 missing values generated)

. gen double e_y_comb = dlngdp_w - yhat_y_comb
(613 missing values generated)

. drop yhat_y_comb

. 
. quietly xtpcse lnemig_combined L1.lngdp_w lnsave lnschool_w lnn i.ccode i.ye
> ar, het

. predict double yhat_x_comb, xb
(436 missing values generated)

. gen double e_x_comb = lnemig_combined - yhat_x_comb
(436 missing values generated)

. drop yhat_x_comb

. 
. twoway (scatter e_y_comb e_x_comb) ///
>        (lfit    e_y_comb e_x_comb), ///
>     title("Combined Emigration and GDP Growth",position(11)) ///
>     xtitle("Combined Emigration Rate") ///
>     ytitle("GDP Growth") ///
>     legend(label(1 "Observations") label(2 "Line of Fit")) ///
>         note("OLS predicted relationship between Emigration and GDP Growth")

. graph export "2.output/CombinedAVPlot.png", as(png) replace
file
    /Users/calvindu/School/2025W2/ECON490/project/econ490/2.output/CombinedA
    > VPlot.png saved as PNG format

. drop e_y_comb e_x_comb

. 
. 
. // Male (with controls including lnemig_female)
. quietly xtpcse dlngdp_w L1.lngdp_w lnsave lnschool_w lnn lnemig_female i.cco
> de i.year, het

. predict double yhat_y_male, xb
(436 missing values generated)

. gen double e_y_male = dlngdp_w - yhat_y_male
(613 missing values generated)

. drop yhat_y_male

. 
. quietly xtpcse lnemig_male L1.lngdp_w lnsave lnschool_w lnn lnemig_female i.
> ccode i.year, het

. predict double yhat_x_male, xb
(436 missing values generated)

. gen double e_x_male = lnemig_male - yhat_x_male
(436 missing values generated)

. drop yhat_x_male

. 
. twoway (scatter e_y_male e_x_male) ///
>        (lfit    e_y_male e_x_male), ///
>     title("Male Emigration and GDP Growth",position(11)) ///
>     xtitle("Male Emigration Rate") ///
>     ytitle("GDP Growth") ///
>     legend(label(1 "Observations") label(2 "Partial Fit")) ///
>         note("OLS predicted relationship between Male Emigration and GDP Gro
> wth")

. graph export "2.output/MaleAVPlot.png", as(png) replace
file
    /Users/calvindu/School/2025W2/ECON490/project/econ490/2.output/MaleAVPlo
    > t.png saved as PNG format

. drop e_y_male e_x_male

. 
. // Female (with controls including lnemig_male)
. quietly xtpcse dlngdp_w L1.lngdp_w lnsave lnschool_w lnn lnemig_male i.ccode
>  i.year, het

. predict double yhat_y_female, xb
(436 missing values generated)

. gen double e_y_female = dlngdp_w - yhat_y_female
(613 missing values generated)

. drop yhat_y_female

. 
. quietly xtpcse lnemig_female L1.lngdp_w lnsave lnschool_w lnn lnemig_male i.
> ccode i.year, het

. predict double yhat_x_female, xb
(436 missing values generated)

. gen double e_x_female = lnemig_female - yhat_x_female
(436 missing values generated)

. drop yhat_x_female

. 
. twoway (scatter e_y_female e_x_female) ///
>        (lfit    e_y_female e_x_female), ///
>     title("Female Emigration and GDP Growth",position(11)) ///
>     xtitle("Female Emigration Rate ") ///
>     ytitle("GDP Growth") ///
>     legend(label(1 "Observations") label(2 "Line of Fit")) ///
>         note("OLS predicted relationship between Female Emigration and GDP G
> rowth")

. graph export "2.output/FemaleAVPlot.png", as(png) replace
file
    /Users/calvindu/School/2025W2/ECON490/project/econ490/2.output/FemaleAVP
    > lot.png saved as PNG format

. drop e_y_female e_x_female

. 
. // Regression Relationship Graphs
. 
. // Main Relationship
. 
. quietly xtpcse dlngdp_w L1.lngdp_w lnsave lnschool_w lnn lnemig_combined i.c
> code i.year, het

. predict yhat, xb
(436 missing values generated)

. *scatter yhat and lnemig_combined
. twoway(scatter yhat lnemig_combined) (lfit yhat lnemig_combined), title("Com
> bined Emigration Linearity Analysis",position(11)) ///
> legend( label(1 "Predicted Values") label(2 "Line of Fit")) ///
> note("Scatterplot of Emigration and GDP Growth to assess linearity of relati
> onship")

. *save the graph
. graph export "2.output/CombinedRelateGraph.png", as(png) replace
file
    /Users/calvindu/School/2025W2/ECON490/project/econ490/2.output/CombinedR
    > elateGraph.png saved as PNG format

. 
. 
. *drop yhat
. drop yhat

. 
. // Gendered Relationships
. 
. *Combined Graph
. quietly xtpcse dlngdp_w L1.lngdp_w lnsave lnschool_w lnn lnemig_male lnemig_
> female ///
>     i.ccode i.year, het

. predict yhat, xb
(436 missing values generated)

. 
. *Male Graph
. twoway(scatter yhat lnemig_male) (lfit yhat lnemig_male), title("Male Emigra
> tion Linearity Analysis",position(11)) ///
> legend( label(1 "Predicted Values") label(2 "Line of Fit")) ///
> note("Scatterplot of Male Emigration and GDP Growth to assess linearity of r
> elationship")

. graph export "2.output/MaleRelateGraph.png", as(png) replace
file
    /Users/calvindu/School/2025W2/ECON490/project/econ490/2.output/MaleRelat
    > eGraph.png saved as PNG format

. *Female Graph
. twoway(scatter yhat lnemig_female) (lfit yhat lnemig_female), title("Female 
> Emigration Linearity Analysis",position(11)) ///
> legend( label(1 "Predicted Values") label(2 "Line of Fit")) ///
> note("Scatterplot of Female Emigration and GDP Growth to assess linearity of
>  relationship")

. graph export "2.output/FemaleRelateGraph.png", as(png) replace
file
    /Users/calvindu/School/2025W2/ECON490/project/econ490/2.output/FemaleRel
    > ateGraph.png saved as PNG format

. 
. // Histograms Global and by Income Level
. 
. *global histogram of emigration frequency
. histogram lnemig_combined, color(lavender) lcolor(black) ///
> ytitle("Frequency") xtitle("Emigration Rate, Combined (ln%)") title ("Emigra
> tion Frequency",position(11)) ///
> note("Histogram displaying frequency distribution of the natural log of emig
> ration rate")
(bin=30, start=-4.4976172, width=.28158824)

. graph export "2.output/GlobalHistogram.png", as(png) replace
file
    /Users/calvindu/School/2025W2/ECON490/project/econ490/2.output/GlobalHis
    > togram.png saved as PNG format

. 
. *Upper Middle Income Histogram
. histogram lnemig_combined if income_group == "Upper middle income", color(ye
> llow) lcolor(black) ///
> ytitle("Frequency") xtitle("Emigration Rate, Combined (ln%)") ///
> title("Emigration Frequency",position(11)) subtitle("Upper Middle Income", p
> osition(11)) ///
> note("Histogram displaying frequency distribution of the natural log of emig
> ration rate for the Upper Middle Income category")
(bin=17, start=-3.8271351, width=.4574803)

. graph export "2.output/UpperMiddleIncomeHistogram.png", as(png) replace
file
    /Users/calvindu/School/2025W2/ECON490/project/econ490/2.output/UpperMidd
    > leIncomeHistogram.png saved as PNG format

. 
. *combined emigration frequency by income level
. twoway (histogram lnemig_combined if income_group=="Low income", color(red) 
> lcolor(black)) ///
> (histogram lnemig_combined if income_group=="Lower middle income", color(ora
> nge) lcolor(black)) ///
> (histogram lnemig_combined if income_group=="Upper middle income", color(yel
> low) lcolor(black)) ///
> (histogram lnemig_combined if income_group=="High income", color(green) lcol
> or(black)), title("Emigration Frequency",position(11)) ///
> subtitle("by Income Level",position(11)) ytitle("Frequency") xtitle("Emigrat
> ion Rate, Combined (ln%)") ///
> legend( label(1 "Low Income") label(2 "Lower Middle Income") label(3 "Upper 
> Middle Income") label(4 "High Income")) ///
> note("Histogram displaying frequency distribution of the natural log of emig
> ration rate by income category")

. graph export "2.output/IncomeLevelHistogram.png", as(png) replace
file
    /Users/calvindu/School/2025W2/ECON490/project/econ490/2.output/IncomeLev
    > elHistogram.png saved as PNG format

. 
. *Male and Female Emigration Frequency Comparison Histogram
. twoway (histogram lnemig_male, color(orange) lcolor(black)) (histogram lnemi
> g_female, color(blue) lcolor(black)), ///
> ytitle("Frequency") xtitle("Emigration Rate (ln%)") legend( label(1 "Male") 
> label(2 "Female")) ///
> title("Emigration Frequency",position(11)) subtitle("by Gender",position(11)
> ) ///
> note("Histogram displaying frequency distribution of the natural log of emig
> ration rate by gender")

. graph export "2.output/GenderHistogram.png", as(png) replace
file
    /Users/calvindu/School/2025W2/ECON490/project/econ490/2.output/GenderHis
    > togram.png saved as PNG format

. 
. // END
. capture log close
